make.exe all --print-data-base --no-builtin-variables --no-builtin-rules --question
# GNU Make 4.4.1
# Built for x86_64-w64-mingw32
# Copyright (C) 1988-2023 Free Software Foundation, Inc.
# License GPLv3+: GNU GPL version 3 or later <https://gnu.org/licenses/gpl.html>
# This is free software: you are free to change and redistribute it.
# There is NO WARRANTY, to the extent permitted by law.

# Make data base, printed on Mon Jan 26 16:04:00 2026

# Variables

# environment
SYSTEMDRIVE = C:
# makefile (from 'Makefile', line 20)
OBJ = $(patsubst $(SRCDIR)/%$(EXT),$(OBJDIR)/%.o,$(wildcard $(SRCDIR)/*$(EXT))) $(patsubst $(LIBDIR)/%$(EXT),$(OBJDIR)/lib/%.o,$(wildcard $(LIBDIR)/*$(EXT))) $(patsubst $(LIBDIR)/%/%$(EXT),$(OBJDIR)/lib/%/%.o,$(wildcard $(LIBDIR)/*/*$(EXT)))
# makefile (from 'Makefile', line 9)
LIBDIR = lib
# environment
LC_ALL = C
# makefile (from 'Makefile', line 13)
SRC = $(wildcard $(SRCDIR)/*$(EXT)) $(wildcard $(LIBDIR)/*$(EXT)) $(wildcard $(LIBDIR)/*/*$(EXT))
# makefile (from 'Makefile', line 7)
EXT = .c
# environment
TERM_PROMPT_PATH_RAW = E:\home\main\projects\ez_lang
# makefile (from 'Makefile', line 10)
OBJDIR = obj
# environment
USERPROFILE = C:\Users\pr0n3o
# environment
LOCALAPPDATA = C:\Users\pr0n3o\AppData\Local
# environment
WSLENV = WT_SESSION:WT_PROFILE_ID:
# environment
VSCODE_CRASH_REPORTER_PROCESS_TYPE = extensionHost
# environment
VSCODE_CWD = E:\home\main\projects\ez_lang
# makefile (from 'Makefile', line 27)
DELOBJ = $(OBJ)
# environment
SYSTEMROOT = C:\Windows
# environment
PROCESSOR_LEVEL = 6
# environment
PSMODULEPATH = C:\Program Files\WindowsPowerShell\Modules;C:\Windows\system32\WindowsPowerShell\v1.0\Modules
# default
MAKE_COMMAND := make.exe
# automatic
@D = $(patsubst %/,%,$(patsubst %\,%,$(dir $@)))
# environment
CHROME_CRASHPAD_PIPE_NAME = \\.\pipe\crashpad_2116_UBLOGRZXALBKGGIB
# environment
VSCODE_HANDLES_UNCAUGHT_ERRORS = true
# default
.VARIABLES := 
# automatic
%D = $(patsubst %/,%,$(patsubst %\,%,$(dir $%)))
# environment
TOCD = E:\home\main\projects\ez_lang
# automatic
^D = $(patsubst %/,%,$(patsubst %\,%,$(dir $^)))
# automatic
%F = $(notdir $%)
# environment
VSCODE_CODE_CACHE_PATH = C:\Users\pr0n3o\AppData\Roaming\Code\CachedData\c9d77990917f3102ada88be140d28b038d1dd7c7
# environment
TERM_PROMPT_UNAME = pr0n3o
# environment
LANG = C
# environment
TOTALCD = E:/home/main/projects/ez_lang
# default
.LOADED := 
# environment
TMP = C:\Users\pr0n3o\AppData\Local\Temp
# default
.INCLUDE_DIRS := 
# makefile
MAKEFLAGS = pqrR
# environment
ONEDRIVE = C:\Users\pr0n3o\OneDrive
# makefile (from 'Makefile', line 23)
DEP = $(OBJ:.o=.d)
# makefile
CURDIR := e:/home/main/projects/ez_lang
# environment
POSH_INSTALLER = winget
# environment
VSCODE_L10N_BUNDLE_LOCATION = 
# automatic
*D = $(patsubst %/,%,$(patsubst %\,%,$(dir $*)))
# environment
PROGRAMFILES = C:\Program Files
# environment
MFLAGS = -pqrR
# default
.SHELLFLAGS := -c
# environment
CLINK_DIR = C:\Program Files (x86)\clink
# environment
COMMONPROGRAMW6432 = C:\Program Files\Common Files
# automatic
+D = $(patsubst %/,%,$(patsubst %\,%,$(dir $+)))
# makefile (from 'Makefile', line 1)
MAKEFILE_LIST := Makefile
# automatic
@F = $(notdir $@)
# environment
VSCODE_PID = 2116
# makefile (from 'Makefile', line 6)
APPNAME = ezc
# automatic
?D = $(patsubst %/,%,$(patsubst %\,%,$(dir $?)))
# environment
POSH_THEMES_PATH = C:\Users\pr0n3o\AppData\Local\Programs\oh-my-posh\themes\
# environment
PROJFPATH = .\.proj_info
# environment
WT_PROFILE_ID = {0caa0dad-35be-5f56-a8ff-afceeeaa6101}
# automatic
*F = $(notdir $*)
# automatic
<D = $(patsubst %/,%,$(patsubst %\,%,$(dir $<)))
# environment
VSCODE_NLS_CONFIG = {"userLocale":"en-us","osLocale":"en-us","resolvedLanguage":"en","defaultMessagesFile":"C:\\Users\\pr0n3o\\AppData\\Local\\Programs\\Microsoft VS Code\\resources\\app\\out\\nls.messages.json","locale":"en-us","availableLanguages":{}}
# default
MAKE_HOST := x86_64-w64-mingw32
# environment
PROGRAMDATA = C:\ProgramData
# default
SHELL := C:/Program Files/Git/usr/bin/sh.exe
# environment
HOMEPATH = \Users\pr0n3o
# default
MAKECMDGOALS := all
# environment
DRIVERDATA = C:\Windows\System32\Drivers\DriverData
# environment
COMSPEC = C:\Windows\system32\cmd.exe
# environment
WINDIR = C:\Windows
# environment
MAKELEVEL := 0
# default
MAKE = $(MAKE_COMMAND)
# environment
PATH = C:\Windows\system32;C:\Windows;C:\Windows\System32\Wbem;C:\Windows\System32\WindowsPowerShell\v1.0\;C:\Windows\System32\OpenSSH\;C:\Program Files (x86)\Paragon Software\LinuxFS for Windows\;C:\Program Files\nodejs\;C:\Program Files\Git\cmd;C:\Program Files\Git\mingw64\bin;C:\Program Files\Git\usr\bin;C:\Program Files\CMake\bin;C:\Program Files\GitHub CLI\;C:\Program Files\Cloudflare\Cloudflare WARP\;C:\Users\user\AppData\Local\Programs\oh-my-posh\bin;C:\Users\pr0n3o\.local\bin;C:\Users\pr0n3o\AppData\Local\Programs\oh-my-posh\bin\;C:\Users\pr0n3o\emsdk;C:\Users\pr0n3o\emsdk\upstream\emscripten;C:\Users\pr0n3o\.cargo\bin;C:\Users\pr0n3o\AppData\Local\Programs\Python\Python311\Scripts\;C:\Users\pr0n3o\AppData\Local\Programs\Python\Python311\;C:\Users\pr0n3o\AppData\Local\Microsoft\WindowsApps;C:\Users\pr0n3o\.path\;C:\Users\pr0n3o\AppData\Local\Programs\Microsoft VS Code\bin;C:\Users\pr0n3o\AppData\Roaming\npm;C:\Program Files\mingw64\bin\;C:\Users\pr0n3o\.path\flutter\bin\;C:\Users\pr0n3o\.path\openjdk17\bin\;C:\Users\pr0n3o\.path\gradle\bin\;C:\Users\pr0n3o\.path\Android\cmdline-tools\latest\bin\;C:\Users\pr0n3o\.path\Android\platform-tools\;C:\Users\pr0n3o\AppData\Local\Microsoft\WinGet\Links;
# environment
COMPUTERNAME = WINUX
# default
MAKEFILES := 
# automatic
^F = $(notdir $^)
# environment
PROMPT = [92mpr0n3o@winux[0m:[96mE:/home/main/projects/ez_lang[0m$$$S
# environment
APPLICATION_INSIGHTS_NO_STATSBEAT = true
# environment
WT_SESSION = c7551ec5-be4a-45ba-a04c-5e0574b13396
# environment
LOGONSERVER = \\WINUX
# environment
USERNAME = pr0n3o
# environment
COMMONPROGRAMFILES = C:\Program Files\Common Files
# automatic
?F = $(notdir $?)
# environment
PROGRAMW6432 = C:\Program Files
# environment
PATHEXT = .COM;.EXE;.BAT;.CMD;.VBS;.VBE;.JS;.JSE;.WSF;.WSH;.MSC
# automatic
+F = $(notdir $+)
# environment
USERDOMAIN = WINUX
# 'override' directive
GNUMAKEFLAGS := 
# environment
OS = Windows_NT
# makefile
.DEFAULT_GOAL := all
# makefile (from 'Makefile', line 26)
RM = rm
# default
MAKE_VERSION := 4.4.1
# environment
PROGRAMFILES(X86) = C:\Program Files (x86)
# makefile (from 'Makefile', line 4)
LDFLAGS = 
# environment
USERDOMAIN_ROAMINGPROFILE = WINUX
# environment
NUMBER_OF_PROCESSORS = 4
# environment
PUBLIC = C:\Users\Public
# environment
APPDATA = C:\Users\pr0n3o\AppData\Roaming
# environment
HOMEDRIVE = C:
# environment
PROCESSOR_ARCHITECTURE = AMD64
# environment
TERM_PROMPT_PATH = E:/home/main/projects/ez_lang
# environment
LCASEMACRO = for /f "tokens=* USEBACKQ" %f IN (`lcase %_str%`) do (set _str=%f)
# environment
PROJFPATHRAW = .
# environment
COMMONPROGRAMFILES(X86) = C:\Program Files (x86)\Common Files
# environment
TERM_PROMPT_PCNAME = winux
# environment
_STR = pr0n3o
# environment
ELECTRON_RUN_AS_NODE = 1
# environment
TEMP = C:\Users\pr0n3o\AppData\Local\Temp
# environment
VSCODE_IPC_HOOK = \\.\pipe\c29e8353-1.108.2-main-sock
# makefile (from 'Makefile', line 8)
SRCDIR = src
# default
.RECIPEPREFIX := 
# automatic
<F = $(notdir $<)
# environment
DPATH = E:/home/main/projects/ez_lang
# default
SUFFIXES := 
# environment
ALLUSERSPROFILE = C:\ProgramData
# environment
SESSIONNAME = Console
# environment
VSCODE_CLI = 1
# environment
ELECTRON_NO_ATTACH_CONSOLE = 1
# makefile (from 'Makefile', line 3)
CXXFLAGS = -std=c11 -Wall -Iinclude
# default
.FEATURES := target-specific order-only second-expansion else-if shortest-stem undefine oneshell nocomment grouped-target extra-prereqs notintermediate shell-export archives jobserver output-sync dospaths
# environment
PROCESSOR_REVISION = 3a09
# makefile (from 'Makefile', line 2)
CC = gcc
# environment
VSCODE_ESM_ENTRYPOINT = vs/workbench/api/node/extensionHostProcess
# environment
DPATHMACRO = for /f "tokens=* USEBACKQ" %f IN (`w2ldir %_str%`) do (set _str=%f)
# environment
PROCESSOR_IDENTIFIER = Intel64 Family 6 Model 58 Stepping 9, GenuineIntel
# variable set hash-table stats:
# Load=120/1024=12%, Rehash=0, Collisions=10/198=5%

# Pattern-specific Variable Values

# No pattern-specific variable values.

# Directories

# src (key e:/home/main/projects/ez_lang/src, mtime 1769162408): 3 files, no impossibilities.
# lib/compile (key e:/home/main/projects/ez_lang/lib/compile, mtime 1769166349): 2 files, no impossibilities.
# lib/parser (key e:/home/main/projects/ez_lang/lib/parser, mtime 1769165198): 2 files, no impossibilities.
# . (key e:/home/main/projects/ez_lang, mtime 1769143248): 13 files, no impossibilities.
# lib/%: could not be stat'd.
# obj (key e:/home/main/projects/ez_lang/obj, mtime 1769164719): 4 files, 1 impossibilities.
# obj/lib (key e:/home/main/projects/ez_lang/obj/lib, mtime 1769238099): 4 files, 1 impossibilities.
# lib/lexer.c (key e:/home/main/projects/ez_lang/lib/lexer.c, mtime 1769240070): could not be opened.
# lib (key e:/home/main/projects/ez_lang/lib, mtime 1769164698): 5 files, no impossibilities.

# 33 files, 2 impossibilities in 9 directories.

# Implicit Rules

obj/%.o: src/%.c
#  recipe to execute (from 'Makefile', line 37):
	@mkdir -p $(dir $@)
	$(CC) $(CXXFLAGS) -o $@ -c $<

obj/lib/%.o: lib/%.c
#  recipe to execute (from 'Makefile', line 41):
	@mkdir -p $(dir $@)
	$(CC) $(CXXFLAGS) -o $@ -c $<

obj/lib/%/%.o: lib/%/%.c
#  recipe to execute (from 'Makefile', line 45):
	@mkdir -p $(dir $@)
	$(CC) $(CXXFLAGS) -o $@ -c $<

%.d: %.c
#  recipe to execute (from 'Makefile', line 50):
	@$(CC) $(CXXFLAGS) -MM -MT $(@:.d=.o) $< > $@

# 4 implicit rules, 0 (0.0%) terminal.
# Files

# Not a target:
obj/main.d:
#  Implicit rule search has been done.
#  File does not exist.
#  File has been updated.
#  Failed to be updated.

obj/main.o: src/main.c
#  Implicit rule search has been done.
#  Implicit/static pattern stem: 'main'
#  Last modified 2026-01-24 13:21:26
#  File has been updated.
#  Needs to be updated (-q is set).
# automatic
# @ := obj/main.o
# automatic
# * := main
# automatic
# < := src/main.c
# automatic
# + := src/main.c
# automatic
# % := 
# automatic
# ^ := src/main.c
# automatic
# ? := src/main.c
# automatic
# | := 
# variable set hash-table stats:
# Load=8/32=25%, Rehash=0, Collisions=2/16=12%
#  recipe to execute (from 'Makefile', line 37):
	@mkdir -p $(dir $@)
	$(CC) $(CXXFLAGS) -o $@ -c $<

# Not a target:
obj/lib/lexer.o:
#  Implicit rule search has not been done.
#  Modification time never checked.
#  File has not been updated.

# Not a target:
Makefile:
#  Implicit rule search has been done.
#  File is secondary (prerequisite of .SECONDARY).
#  Last modified 2026-01-24 12:52:54
#  File has been updated.
#  Successfully updated.

clean:
#  Phony target (prerequisite of .PHONY).
#  Implicit rule search has not been done.
#  File does not exist.
#  File has not been updated.
#  recipe to execute (from 'Makefile', line 57):
	$(RM) -rf $(DELOBJ) $(DEP) $(APPNAME)

# Not a target:
src/main.c:
#  Implicit rule search has been done.
#  File is secondary (prerequisite of .SECONDARY).
#  Last modified 2026-01-24 13:28:04
#  File has been updated.
#  Successfully updated.

# Not a target:
obj/lib/lexer.d:
#  Implicit rule search has been done.
#  File does not exist.
#  File has been updated.
#  Failed to be updated.

# Not a target:
.DEFAULT:
#  Implicit rule search has not been done.
#  Modification time never checked.
#  File has not been updated.

all: ezc
#  Command line target.
#  Implicit rule search has been done.
#  File does not exist.
#  File has been updated.
#  Needs to be updated (-q is set).
# variable set hash-table stats:
# Load=0/32=0%, Rehash=0, Collisions=0/5=0%

ezc: obj/main.o obj/lib/lexer.o
#  Implicit rule search has not been done.
#  File does not exist.
#  File has been updated.
#  Needs to be updated (-q is set).
# variable set hash-table stats:
# Load=0/32=0%, Rehash=0, Collisions=0/5=0%
#  recipe to execute (from 'Makefile', line 33):
	$(CC) $(CXXFLAGS) -o $@ $^ $(LDFLAGS)

.PHONY: clean
#  Implicit rule search has not been done.
#  Modification time never checked.
#  File has not been updated.

# files hash-table stats:
# Load=12/1024=1%, Rehash=0, Collisions=0/39=0%
# VPATH Search Paths

# No 'vpath' search paths.

# No general ('VPATH' variable) search path.

# strcache buffers: 1 (0) / strings = 46 / storage = 390 B / avg = 8 B
# current buf: size = 8162 B / used = 390 B / count = 46 / avg = 8 B

# strcache performance: lookups = 80 / hit rate = 42%
# hash-table stats:
# Load=46/8192=1%, Rehash=0, Collisions=0/80=0%
# Finished Make data base on Mon Jan 26 16:04:00 2026

 
